<?xml version="1.0" encoding="UTF-8" standalone="no"?>
<testsuite failures="8" name="cucumber.runtime.formatter.JUnitFormatter" skipped="0" tests="8" time="31.569697">
<testcase classname="Playlists tests" name="An request for an individual Playlist with a valid unknown Id fails correctly" time="4.340552">
<failure message="java.lang.AssertionError: turing.niallbunting.com:3005 failed to respond&#13;&#10;&#9;at org.junit.Assert.fail(Assert.java:88)&#13;&#10;&#9;at techtest.bdd.shared.FluentHandler.execGet(FluentHandler.java:23)&#13;&#10;&#9;at techtest.bdd.steps.PlaylistSteps.requestPlaylistWithId(PlaylistSteps.java:90)&#13;&#10;&#9;at techtest.bdd.steps.PlaylistSteps.a_Playlist_is_requested_with_an_unknown_Id(PlaylistSteps.java:111)&#13;&#10;&#9;at ✽.When a Playlist is requested with an unknown Id(test/resources/cucumber/Playlists.feature:26)&#13;&#10;"><![CDATA[When a Playlist is requested with an unknown Id.............................failed
Then a Http Status Code 404 is returned.....................................skipped
And no data is returned in the Json response................................skipped

StackTrace:
java.lang.AssertionError: turing.niallbunting.com:3005 failed to respond
	at org.junit.Assert.fail(Assert.java:88)
	at techtest.bdd.shared.FluentHandler.execGet(FluentHandler.java:23)
	at techtest.bdd.steps.PlaylistSteps.requestPlaylistWithId(PlaylistSteps.java:90)
	at techtest.bdd.steps.PlaylistSteps.a_Playlist_is_requested_with_an_unknown_Id(PlaylistSteps.java:111)
	at ✽.When a Playlist is requested with an unknown Id(test/resources/cucumber/Playlists.feature:26)
]]></failure>
</testcase>
<testcase classname="Playlists tests" name="An individual Playlist can be deleted" time="5.777218">
<failure message="java.lang.AssertionError: turing.niallbunting.com:3005 failed to respond&#13;&#10;&#9;at org.junit.Assert.fail(Assert.java:88)&#13;&#10;&#9;at techtest.bdd.shared.FluentHandler.execGet(FluentHandler.java:23)&#13;&#10;&#9;at techtest.bdd.steps.PlaylistSteps.requestPlaylistWithId(PlaylistSteps.java:90)&#13;&#10;&#9;at techtest.bdd.steps.PlaylistSteps.the_Playlist_is_removed_from_Daily_Songs(PlaylistSteps.java:212)&#13;&#10;&#9;at ✽.And the Playlist is removed from Daily Songs(test/resources/cucumber/Playlists.feature:47)&#13;&#10;"><![CDATA[Given a Playlist exists in the Daily Songs database with a known Id.........passed
When the Playlist is deleted using the Id...................................passed
Then a Http Status Code 204 is returned.....................................passed
And the Playlist is removed from Daily Songs................................failed

StackTrace:
java.lang.AssertionError: turing.niallbunting.com:3005 failed to respond
	at org.junit.Assert.fail(Assert.java:88)
	at techtest.bdd.shared.FluentHandler.execGet(FluentHandler.java:23)
	at techtest.bdd.steps.PlaylistSteps.requestPlaylistWithId(PlaylistSteps.java:90)
	at techtest.bdd.steps.PlaylistSteps.the_Playlist_is_removed_from_Daily_Songs(PlaylistSteps.java:212)
	at ✽.And the Playlist is removed from Daily Songs(test/resources/cucumber/Playlists.feature:47)
]]></failure>
</testcase>
<testcase classname="Playlists tests" name="A Playlist deletetion request with an unknown id is handled correctly" time="5.160791">
<failure message="java.lang.AssertionError: turing.niallbunting.com:3005 failed to respond&#13;&#10;&#9;at org.junit.Assert.fail(Assert.java:88)&#13;&#10;&#9;at techtest.bdd.shared.FluentHandler.execDelete(FluentHandler.java:73)&#13;&#10;&#9;at techtest.bdd.steps.PlaylistSteps.deletePlaylistWithId(PlaylistSteps.java:206)&#13;&#10;&#9;at techtest.bdd.steps.PlaylistSteps.a_Playlist_deletion_is_requested_using_an_unknown_Id(PlaylistSteps.java:195)&#13;&#10;&#9;at ✽.When a Playlist deletion is requested using an unknown Id(test/resources/cucumber/Playlists.feature:52)&#13;&#10;"><![CDATA[When a Playlist deletion is requested using an unknown Id...................failed
Then a Http Status Code 204 is returned.....................................skipped

StackTrace:
java.lang.AssertionError: turing.niallbunting.com:3005 failed to respond
	at org.junit.Assert.fail(Assert.java:88)
	at techtest.bdd.shared.FluentHandler.execDelete(FluentHandler.java:73)
	at techtest.bdd.steps.PlaylistSteps.deletePlaylistWithId(PlaylistSteps.java:206)
	at techtest.bdd.steps.PlaylistSteps.a_Playlist_deletion_is_requested_using_an_unknown_Id(PlaylistSteps.java:195)
	at ✽.When a Playlist deletion is requested using an unknown Id(test/resources/cucumber/Playlists.feature:52)
]]></failure>
</testcase>
<testcase classname="Playlists tests" name="A Playlist deletetion request with an invalid id is handled correctly" time="5.147662">
<failure message="java.lang.AssertionError: turing.niallbunting.com:3005 failed to respond&#13;&#10;&#9;at org.junit.Assert.fail(Assert.java:88)&#13;&#10;&#9;at techtest.bdd.shared.FluentHandler.execDelete(FluentHandler.java:73)&#13;&#10;&#9;at techtest.bdd.steps.PlaylistSteps.deletePlaylistWithId(PlaylistSteps.java:206)&#13;&#10;&#9;at techtest.bdd.steps.PlaylistSteps.a_Playlist_deletion_is_requested_using_an_invalid_Id(PlaylistSteps.java:200)&#13;&#10;&#9;at ✽.When a Playlist deletion is requested using an invalid Id(test/resources/cucumber/Playlists.feature:58)&#13;&#10;"><![CDATA[When a Playlist deletion is requested using an invalid Id...................failed
Then a Http Status Code 500 is returned.....................................skipped
And an error message is returned for the invalid Id.........................skipped

StackTrace:
java.lang.AssertionError: turing.niallbunting.com:3005 failed to respond
	at org.junit.Assert.fail(Assert.java:88)
	at techtest.bdd.shared.FluentHandler.execDelete(FluentHandler.java:73)
	at techtest.bdd.steps.PlaylistSteps.deletePlaylistWithId(PlaylistSteps.java:206)
	at techtest.bdd.steps.PlaylistSteps.a_Playlist_deletion_is_requested_using_an_invalid_Id(PlaylistSteps.java:200)
	at ✽.When a Playlist deletion is requested using an invalid Id(test/resources/cucumber/Playlists.feature:58)
]]></failure>
</testcase>
<testcase classname="Playlists tests" name="The version number is updated when an existing Playlist is updated" time="2.302942">
<failure message="org.junit.ComparisonFailure: Version number not updated in Playlist expected:&lt;[1]&gt; but was:&lt;[0]&gt;&#13;&#10;&#9;at org.junit.Assert.assertEquals(Assert.java:115)&#13;&#10;&#9;at techtest.bdd.steps.PlaylistSteps.the_Playlist_version_number_is_updated(PlaylistSteps.java:341)&#13;&#10;&#9;at ✽.And the Playlist version number is updated(test/resources/cucumber/Playlists.feature:86)&#13;&#10;"><![CDATA[Given at least 20 songs exist in the Daily Songs database...................passed
When 5 Songs are added to an existing Playlist..............................passed
Then a Http Status Code 204 is returned.....................................passed
And the Playlist version number is updated..................................failed

StackTrace:
org.junit.ComparisonFailure: Version number not updated in Playlist expected:<[1]> but was:<[0]>
	at org.junit.Assert.assertEquals(Assert.java:115)
	at techtest.bdd.steps.PlaylistSteps.the_Playlist_version_number_is_updated(PlaylistSteps.java:341)
	at ✽.And the Playlist version number is updated(test/resources/cucumber/Playlists.feature:86)
]]></failure>
</testcase>
<testcase classname="Songs tests" name="An request for an individual song with a valid unknown Id fails correctly" time="0.059623">
<failure message="java.lang.AssertionError: Expected return Http Status Code 404 expected:&lt;404&gt; but was:&lt;200&gt;&#13;&#10;&#9;at org.junit.Assert.fail(Assert.java:88)&#13;&#10;&#9;at org.junit.Assert.failNotEquals(Assert.java:834)&#13;&#10;&#9;at org.junit.Assert.assertEquals(Assert.java:645)&#13;&#10;&#9;at techtest.bdd.steps.ApiSteps.a_Http_Status_Code_is_returned(ApiSteps.java:297)&#13;&#10;&#9;at ✽.Then a Http Status Code 404 is returned(test/resources/cucumber/Songs.feature:22)&#13;&#10;"><![CDATA[When a song is requested with an unknown Id.................................passed
Then a Http Status Code 404 is returned.....................................failed

StackTrace:
java.lang.AssertionError: Expected return Http Status Code 404 expected:<404> but was:<200>
	at org.junit.Assert.fail(Assert.java:88)
	at org.junit.Assert.failNotEquals(Assert.java:834)
	at org.junit.Assert.assertEquals(Assert.java:645)
	at techtest.bdd.steps.ApiSteps.a_Http_Status_Code_is_returned(ApiSteps.java:297)
	at ✽.Then a Http Status Code 404 is returned(test/resources/cucumber/Songs.feature:22)
]]></failure>
</testcase>
<testcase classname="Songs tests" name="An song deletetion request with an unknown id is handled correctly" time="3.813727">
<failure message="java.lang.AssertionError: turing.niallbunting.com:3005 failed to respond&#13;&#10;&#9;at org.junit.Assert.fail(Assert.java:88)&#13;&#10;&#9;at techtest.bdd.shared.FluentHandler.execDelete(FluentHandler.java:73)&#13;&#10;&#9;at techtest.bdd.steps.ApiSteps.deleteSongWithId(ApiSteps.java:284)&#13;&#10;&#9;at techtest.bdd.steps.ApiSteps.a_song_deletion_is_requested_using_an_unknown_Id(ApiSteps.java:273)&#13;&#10;&#9;at ✽.When a song deletion is requested using an unknown Id(test/resources/cucumber/Songs.feature:54)&#13;&#10;"><![CDATA[When a song deletion is requested using an unknown Id.......................failed
Then a Http Status Code 204 is returned.....................................skipped

StackTrace:
java.lang.AssertionError: turing.niallbunting.com:3005 failed to respond
	at org.junit.Assert.fail(Assert.java:88)
	at techtest.bdd.shared.FluentHandler.execDelete(FluentHandler.java:73)
	at techtest.bdd.steps.ApiSteps.deleteSongWithId(ApiSteps.java:284)
	at techtest.bdd.steps.ApiSteps.a_song_deletion_is_requested_using_an_unknown_Id(ApiSteps.java:273)
	at ✽.When a song deletion is requested using an unknown Id(test/resources/cucumber/Songs.feature:54)
]]></failure>
</testcase>
<testcase classname="Songs tests" name="An song deletetion request with an invalid id is handled correctly" time="4.967182">
<failure message="java.lang.AssertionError: turing.niallbunting.com:3005 failed to respond&#13;&#10;&#9;at org.junit.Assert.fail(Assert.java:88)&#13;&#10;&#9;at techtest.bdd.shared.FluentHandler.execDelete(FluentHandler.java:73)&#13;&#10;&#9;at techtest.bdd.steps.ApiSteps.deleteSongWithId(ApiSteps.java:284)&#13;&#10;&#9;at techtest.bdd.steps.ApiSteps.a_song_deletion_is_requested_using_an_invalid_Id(ApiSteps.java:278)&#13;&#10;&#9;at ✽.When a song deletion is requested using an invalid Id(test/resources/cucumber/Songs.feature:60)&#13;&#10;"><![CDATA[When a song deletion is requested using an invalid Id.......................failed
Then a Http Status Code 200 is returned.....................................skipped
And an error message is returned for the invalid Id.........................skipped

StackTrace:
java.lang.AssertionError: turing.niallbunting.com:3005 failed to respond
	at org.junit.Assert.fail(Assert.java:88)
	at techtest.bdd.shared.FluentHandler.execDelete(FluentHandler.java:73)
	at techtest.bdd.steps.ApiSteps.deleteSongWithId(ApiSteps.java:284)
	at techtest.bdd.steps.ApiSteps.a_song_deletion_is_requested_using_an_invalid_Id(ApiSteps.java:278)
	at ✽.When a song deletion is requested using an invalid Id(test/resources/cucumber/Songs.feature:60)
]]></failure>
</testcase>
</testsuite>
